<?xml version="1.0" encoding="UTF-8" standalone="no"?><!DOCTYPE report PUBLIC "-//JACOCO//DTD Report 1.1//EN" "report.dtd"><report name="Pester (06/05/2020 19:15:18)"><sessioninfo id="this" start="1591384518782" dump="1591384518858" /><package name="PSScripts"><class name="PSScripts/Set-Dummy" sourcefilename="Set-Dummy.ps1"><method name="&lt;script&gt;" desc="()" line="1"><counter type="INSTRUCTION" missed="0" covered="1" /><counter type="LINE" missed="0" covered="1" /><counter type="METHOD" missed="0" covered="1" /></method><method name="Set-Dummy" desc="()" line="3"><counter type="INSTRUCTION" missed="2" covered="1" /><counter type="LINE" missed="2" covered="1" /><counter type="METHOD" missed="0" covered="1" /></method><counter type="INSTRUCTION" missed="2" covered="2" /><counter type="LINE" missed="2" covered="2" /><counter type="METHOD" missed="0" covered="2" /><counter type="CLASS" missed="0" covered="1" /></class><sourcefile name="Set-Dummy.ps1"><line nr="1" mi="0" ci="1" mb="0" cb="0" /><line nr="3" mi="0" ci="1" mb="0" cb="0" /><line nr="4" mi="1" ci="0" mb="0" cb="0" /><line nr="5" mi="1" ci="0" mb="0" cb="0" /><counter type="INSTRUCTION" missed="2" covered="2" /><counter type="LINE" missed="2" covered="2" /><counter type="METHOD" missed="0" covered="2" /><counter type="CLASS" missed="0" covered="1" /></sourcefile><counter type="INSTRUCTION" missed="2" covered="2" /><counter type="LINE" missed="2" covered="2" /><counter type="METHOD" missed="0" covered="2" /><counter type="CLASS" missed="0" covered="1" /></package><counter type="INSTRUCTION" missed="2" covered="2" /><counter type="LINE" missed="2" covered="2" /><counter type="METHOD" missed="0" covered="2" /><counter type="CLASS" missed="0" covered="1" /></report>
